android-webview/app/build/intermediates/manifest_merge_blame_file/debug/processDebugMainManifest/manifest-merger-blame-debug-report.txt
1<?xml version="1.0" encoding="utf-8"?>
2<manifest xmlns:android="http://schemas.android.com/apk/res/android"
3    package="br.com.totembite.webview"
4    android:versionCode="1"
5    android:versionName="1.0" >
6
7    <uses-sdk
8        android:minSdkVersion="23"
9        android:targetSdkVersion="35" />
10
11    <uses-permission android:name="android.permission.INTERNET" />
11-->src\main\AndroidManifest.xml:2:5-67
11-->src\main\AndroidManifest.xml:2:22-64
12
13    <application
13-->src\main\AndroidManifest.xml:4:5-22:19
14        android:allowBackup="false"
14-->src\main\AndroidManifest.xml:5:9-36
15        android:debuggable="true"
16        android:extractNativeLibs="false"
17        android:icon="@mipmap/ic_launcher"
17-->src\main\AndroidManifest.xml:6:9-43
18        android:label="@string/app_name"
18-->src\main\AndroidManifest.xml:7:9-41
19        android:roundIcon="@mipmap/ic_launcher_round"
19-->src\main\AndroidManifest.xml:8:9-54
20        android:supportsRtl="true"
20-->src\main\AndroidManifest.xml:9:9-35
21        android:theme="@style/AppTheme"
21-->src\main\AndroidManifest.xml:10:9-40
22        android:usesCleartextTraffic="true" >
22-->src\main\AndroidManifest.xml:11:9-44
23        <activity
23-->src\main\AndroidManifest.xml:12:9-21:20
24            android:name="br.com.totembite.webview.MainActivity"
24-->src\main\AndroidManifest.xml:13:13-41
25            android:configChanges="keyboardHidden|orientation|screenSize"
25-->src\main\AndroidManifest.xml:14:13-74
26            android:exported="true"
26-->src\main\AndroidManifest.xml:15:13-36
27            android:screenOrientation="portrait" >
27-->src\main\AndroidManifest.xml:16:13-49
28            <intent-filter>
28-->src\main\AndroidManifest.xml:17:13-20:29
29                <action android:name="android.intent.action.MAIN" />
29-->src\main\AndroidManifest.xml:18:17-69
29-->src\main\AndroidManifest.xml:18:25-66
30
31                <category android:name="android.intent.category.LAUNCHER" />
31-->src\main\AndroidManifest.xml:19:17-77
31-->src\main\AndroidManifest.xml:19:27-74
32            </intent-filter>
33        </activity>
34    </application>
35
36</manifest>